<?xml version="1.0" encoding="UTF-8"?>
<!-- Generated by org.testng.reporters.JUnitXMLReporter -->
<testsuite hostname="Ravishankar" ignored="0" name="chrometest" tests="5" failures="0" timestamp="09 Oct 2019 00:12:07 GMT" time="64.292" errors="0">
  <testcase name="loginTest" time="5.12" classname="com.nopcommerce.testCases.TC_LoginTest_001"/>
  <testcase name="loginTest" time="9.417" classname="com.nopcommerce.testCases.TC_LoginDDT_002"/>
  <testcase name="loginTest" time="7.527" classname="com.nopcommerce.testCases.TC_LoginDDT_002"/>
  <testcase name="loginTest" time="7.533" classname="com.nopcommerce.testCases.TC_LoginDDT_002"/>
  <testcase name="loginTest" time="7.444" classname="com.nopcommerce.testCases.TC_LoginDDT_002"/>
</testsuite> <!-- chrometest -->
